[0.448s] Invoking command in '/home/aibay/ros2_ws/src/mypkg': PYTHONPATH=/home/aibay/ros2_ws/src/mypkg/install/mypkg/lib/python3.10/site-packages:${PYTHONPATH} /usr/bin/python3 setup.py egg_info --egg-base build/mypkg build --build-base /home/aibay/ros2_ws/src/mypkg/build/mypkg/build install --prefix /home/aibay/ros2_ws/src/mypkg/install/mypkg --record /home/aibay/ros2_ws/src/mypkg/build/mypkg/install.log --single-version-externally-managed
[0.616s] running egg_info
[0.616s] creating build/mypkg/mypkg.egg-info
[0.616s] writing build/mypkg/mypkg.egg-info/PKG-INFO
[0.616s] writing dependency_links to build/mypkg/mypkg.egg-info/dependency_links.txt
[0.617s] writing entry points to build/mypkg/mypkg.egg-info/entry_points.txt
[0.617s] writing requirements to build/mypkg/mypkg.egg-info/requires.txt
[0.617s] writing top-level names to build/mypkg/mypkg.egg-info/top_level.txt
[0.617s] writing manifest file 'build/mypkg/mypkg.egg-info/SOURCES.txt'
[0.618s] reading manifest file 'build/mypkg/mypkg.egg-info/SOURCES.txt'
[0.619s] writing manifest file 'build/mypkg/mypkg.egg-info/SOURCES.txt'
[0.619s] running build
[0.619s] running build_py
[0.619s] creating /home/aibay/ros2_ws/src/mypkg/build/mypkg/build
[0.620s] creating /home/aibay/ros2_ws/src/mypkg/build/mypkg/build/lib
[0.620s] creating /home/aibay/ros2_ws/src/mypkg/build/mypkg/build/lib/mypkg
[0.620s] /usr/lib/python3/dist-packages/setuptools/command/install.py:34: SetuptoolsDeprecationWarning: setup.py install is deprecated. Use build and pip and other standards-based tools.
[0.620s]   warnings.warn(
[0.620s] copying mypkg/talker.py -> /home/aibay/ros2_ws/src/mypkg/build/mypkg/build/lib/mypkg
[0.620s] copying mypkg/listener.py -> /home/aibay/ros2_ws/src/mypkg/build/mypkg/build/lib/mypkg
[0.620s] copying mypkg/__init__.py -> /home/aibay/ros2_ws/src/mypkg/build/mypkg/build/lib/mypkg
[0.620s] running install
[0.621s] running install_lib
[0.621s] creating /home/aibay/ros2_ws/src/mypkg/install/mypkg/lib/python3.10/site-packages/mypkg
[0.621s] copying /home/aibay/ros2_ws/src/mypkg/build/mypkg/build/lib/mypkg/talker.py -> /home/aibay/ros2_ws/src/mypkg/install/mypkg/lib/python3.10/site-packages/mypkg
[0.621s] copying /home/aibay/ros2_ws/src/mypkg/build/mypkg/build/lib/mypkg/listener.py -> /home/aibay/ros2_ws/src/mypkg/install/mypkg/lib/python3.10/site-packages/mypkg
[0.621s] copying /home/aibay/ros2_ws/src/mypkg/build/mypkg/build/lib/mypkg/__init__.py -> /home/aibay/ros2_ws/src/mypkg/install/mypkg/lib/python3.10/site-packages/mypkg
[0.621s] byte-compiling /home/aibay/ros2_ws/src/mypkg/install/mypkg/lib/python3.10/site-packages/mypkg/talker.py to talker.cpython-310.pyc
[0.621s] byte-compiling /home/aibay/ros2_ws/src/mypkg/install/mypkg/lib/python3.10/site-packages/mypkg/listener.py to listener.cpython-310.pyc
[0.622s] byte-compiling /home/aibay/ros2_ws/src/mypkg/install/mypkg/lib/python3.10/site-packages/mypkg/__init__.py to __init__.cpython-310.pyc
[0.622s] running install_data
[0.622s] creating /home/aibay/ros2_ws/src/mypkg/install/mypkg/share/ament_index
[0.622s] creating /home/aibay/ros2_ws/src/mypkg/install/mypkg/share/ament_index/resource_index
[0.622s] creating /home/aibay/ros2_ws/src/mypkg/install/mypkg/share/ament_index/resource_index/packages
[0.623s] copying resource/mypkg -> /home/aibay/ros2_ws/src/mypkg/install/mypkg/share/ament_index/resource_index/packages
[0.623s] copying package.xml -> /home/aibay/ros2_ws/src/mypkg/install/mypkg/share/mypkg
[0.623s] copying launch/talk_listen.launch.py -> /home/aibay/ros2_ws/src/mypkg/install/mypkg/share/mypkg
[0.623s] running install_egg_info
[0.624s] Copying build/mypkg/mypkg.egg-info to /home/aibay/ros2_ws/src/mypkg/install/mypkg/lib/python3.10/site-packages/mypkg-0.0.0-py3.10.egg-info
[0.624s] running install_scripts
[0.647s] Installing listener script to /home/aibay/ros2_ws/src/mypkg/install/mypkg/lib/mypkg
[0.647s] Installing talker script to /home/aibay/ros2_ws/src/mypkg/install/mypkg/lib/mypkg
[0.647s] writing list of installed files to '/home/aibay/ros2_ws/src/mypkg/build/mypkg/install.log'
[0.665s] Invoked command in '/home/aibay/ros2_ws/src/mypkg' returned '0': PYTHONPATH=/home/aibay/ros2_ws/src/mypkg/install/mypkg/lib/python3.10/site-packages:${PYTHONPATH} /usr/bin/python3 setup.py egg_info --egg-base build/mypkg build --build-base /home/aibay/ros2_ws/src/mypkg/build/mypkg/build install --prefix /home/aibay/ros2_ws/src/mypkg/install/mypkg --record /home/aibay/ros2_ws/src/mypkg/build/mypkg/install.log --single-version-externally-managed
